{"/Users/andrewsabato/Desktop/Personal/Projects/CreateThisRNTemplate/.prettierrc.js": {"path":"/Users/andrewsabato/Desktop/Personal/Projects/CreateThisRNTemplate/.prettierrc.js","statementMap":{"0":{"start":{"line":1,"column":0},"end":{"line":7,"column":2}}},"fnMap":{},"branchMap":{},"s":{"0":0},"f":{},"b":{}}
,"/Users/andrewsabato/Desktop/Personal/Projects/CreateThisRNTemplate/App.tsx": {"path":"/Users/andrewsabato/Desktop/Personal/Projects/CreateThisRNTemplate/App.tsx","statementMap":{"0":{"start":{"line":19,"column":26},"end":{"line":59,"column":1}},"1":{"start":{"line":20,"column":32},"end":{"line":20,"column":46}},"2":{"start":{"line":21,"column":23},"end":{"line":21,"column":39}},"3":{"start":{"line":22,"column":24},"end":{"line":22,"column":80}},"4":{"start":{"line":23,"column":33},"end":{"line":23,"column":76}},"5":{"start":{"line":25,"column":2},"end":{"line":30,"column":9}},"6":{"start":{"line":26,"column":4},"end":{"line":26,"column":43}},"7":{"start":{"line":27,"column":4},"end":{"line":27,"column":52}},"8":{"start":{"line":27,"column":33},"end":{"line":27,"column":50}},"9":{"start":{"line":28,"column":18},"end":{"line":28,"column":56}},"10":{"start":{"line":29,"column":4},"end":{"line":29,"column":53}},"11":{"start":{"line":32,"column":2},"end":{"line":58,"column":4}},"12":{"start":{"line":37,"column":33},"end":{"line":37,"column":58}},"13":{"start":{"line":38,"column":8},"end":{"line":38,"column":36}},"14":{"start":{"line":39,"column":8},"end":{"line":39,"column":48}},"15":{"start":{"line":42,"column":8},"end":{"line":42,"column":74}},"16":{"start":{"line":43,"column":8},"end":{"line":43,"column":42}}},"fnMap":{"0":{"name":"(anonymous_0)","decl":{"start":{"line":19,"column":26},"end":{"line":19,"column":27}},"loc":{"start":{"line":19,"column":34},"end":{"line":59,"column":1}},"line":19},"1":{"name":"(anonymous_1)","decl":{"start":{"line":25,"column":12},"end":{"line":25,"column":13}},"loc":{"start":{"line":25,"column":18},"end":{"line":30,"column":3}},"line":25},"2":{"name":"(anonymous_2)","decl":{"start":{"line":27,"column":27},"end":{"line":27,"column":28}},"loc":{"start":{"line":27,"column":33},"end":{"line":27,"column":50}},"line":27},"3":{"name":"(anonymous_3)","decl":{"start":{"line":36,"column":21},"end":{"line":36,"column":22}},"loc":{"start":{"line":36,"column":38},"end":{"line":40,"column":7}},"line":36},"4":{"name":"(anonymous_4)","decl":{"start":{"line":41,"column":15},"end":{"line":41,"column":16}},"loc":{"start":{"line":41,"column":21},"end":{"line":44,"column":7}},"line":41}},"branchMap":{},"s":{"0":0,"1":0,"2":0,"3":0,"4":0,"5":0,"6":0,"7":0,"8":0,"9":0,"10":0,"11":0,"12":0,"13":0,"14":0,"15":0,"16":0},"f":{"0":0,"1":0,"2":0,"3":0,"4":0},"b":{}}
,"/Users/andrewsabato/Desktop/Personal/Projects/CreateThisRNTemplate/index.js": {"path":"/Users/andrewsabato/Desktop/Personal/Projects/CreateThisRNTemplate/index.js","statementMap":{"0":{"start":{"line":6,"column":0},"end":{"line":6,"column":50}},"1":{"start":{"line":6,"column":45},"end":{"line":6,"column":48}}},"fnMap":{"0":{"name":"(anonymous_0)","decl":{"start":{"line":6,"column":39},"end":{"line":6,"column":40}},"loc":{"start":{"line":6,"column":45},"end":{"line":6,"column":48}},"line":6}},"branchMap":{},"s":{"0":0,"1":0},"f":{"0":0},"b":{}}
,"/Users/andrewsabato/Desktop/Personal/Projects/CreateThisRNTemplate/metro.config.js": {"path":"/Users/andrewsabato/Desktop/Personal/Projects/CreateThisRNTemplate/metro.config.js","statementMap":{"0":{"start":{"line":8,"column":0},"end":{"line":25,"column":2}},"1":{"start":{"line":10,"column":38},"end":{"line":15,"column":5}}},"fnMap":{"0":{"name":"(anonymous_0)","decl":{"start":{"line":10,"column":25},"end":{"line":10,"column":26}},"loc":{"start":{"line":10,"column":38},"end":{"line":15,"column":5}},"line":10}},"branchMap":{},"s":{"0":0,"1":0},"f":{"0":0},"b":{}}
,"/Users/andrewsabato/Desktop/Personal/Projects/CreateThisRNTemplate/modules.d.ts": {"path":"/Users/andrewsabato/Desktop/Personal/Projects/CreateThisRNTemplate/modules.d.ts","statementMap":{},"fnMap":{},"branchMap":{},"s":{},"f":{},"b":{}}
,"/Users/andrewsabato/Desktop/Personal/Projects/CreateThisRNTemplate/assets/images/index.ts": {"path":"/Users/andrewsabato/Desktop/Personal/Projects/CreateThisRNTemplate/assets/images/index.ts","statementMap":{"0":{"start":{"line":1,"column":20},"end":{"line":1,"column":50}},"1":{"start":{"line":2,"column":23},"end":{"line":2,"column":47}},"2":{"start":{"line":3,"column":20},"end":{"line":3,"column":41}},"3":{"start":{"line":4,"column":22},"end":{"line":4,"column":45}},"4":{"start":{"line":6,"column":15},"end":{"line":6,"column":44}}},"fnMap":{},"branchMap":{},"s":{"0":0,"1":0,"2":0,"3":0,"4":0},"f":{},"b":{}}
,"/Users/andrewsabato/Desktop/Personal/Projects/CreateThisRNTemplate/assets/strings/en.ts": {"path":"/Users/andrewsabato/Desktop/Personal/Projects/CreateThisRNTemplate/assets/strings/en.ts","statementMap":{"0":{"start":{"line":1,"column":16},"end":{"line":5,"column":1}}},"fnMap":{},"branchMap":{},"s":{"0":0},"f":{},"b":{}}
,"/Users/andrewsabato/Desktop/Personal/Projects/CreateThisRNTemplate/assets/strings/index.ts": {"path":"/Users/andrewsabato/Desktop/Personal/Projects/CreateThisRNTemplate/assets/strings/index.ts","statementMap":{},"fnMap":{},"branchMap":{},"s":{},"f":{},"b":{}}
,"/Users/andrewsabato/Desktop/Personal/Projects/CreateThisRNTemplate/assets/themes/index.ts": {"path":"/Users/andrewsabato/Desktop/Personal/Projects/CreateThisRNTemplate/assets/themes/index.ts","statementMap":{"0":{"start":{"line":3,"column":14},"end":{"line":3,"column":26}}},"fnMap":{},"branchMap":{},"s":{"0":4},"f":{},"b":{},"_coverageSchema":"1a1c01bbd47fc00a2c39e90264f33305004495a9","hash":"1284dac019ee620879bd44eb7a9c762e0513bd8f"}
,"/Users/andrewsabato/Desktop/Personal/Projects/CreateThisRNTemplate/assets/utils/AssetHelper.ts": {"path":"/Users/andrewsabato/Desktop/Personal/Projects/CreateThisRNTemplate/assets/utils/AssetHelper.ts","statementMap":{"0":{"start":{"line":5,"column":19},"end":{"line":8,"column":1}},"1":{"start":{"line":6,"column":31},"end":{"line":6,"column":33}},"2":{"start":{"line":7,"column":2},"end":{"line":7,"column":56}},"3":{"start":{"line":7,"column":34},"end":{"line":7,"column":54}},"4":{"start":{"line":10,"column":20},"end":{"line":12,"column":1}},"5":{"start":{"line":11,"column":2},"end":{"line":11,"column":55}},"6":{"start":{"line":11,"column":31},"end":{"line":11,"column":53}},"7":{"start":{"line":14,"column":31},"end":{"line":17,"column":1}},"8":{"start":{"line":15,"column":2},"end":{"line":15,"column":21}},"9":{"start":{"line":16,"column":2},"end":{"line":16,"column":22}}},"fnMap":{"0":{"name":"(anonymous_0)","decl":{"start":{"line":5,"column":19},"end":{"line":5,"column":20}},"loc":{"start":{"line":5,"column":25},"end":{"line":8,"column":1}},"line":5},"1":{"name":"(anonymous_1)","decl":{"start":{"line":7,"column":24},"end":{"line":7,"column":25}},"loc":{"start":{"line":7,"column":34},"end":{"line":7,"column":54}},"line":7},"2":{"name":"(anonymous_2)","decl":{"start":{"line":10,"column":20},"end":{"line":10,"column":21}},"loc":{"start":{"line":10,"column":26},"end":{"line":12,"column":1}},"line":10},"3":{"name":"(anonymous_3)","decl":{"start":{"line":11,"column":20},"end":{"line":11,"column":21}},"loc":{"start":{"line":11,"column":31},"end":{"line":11,"column":53}},"line":11},"4":{"name":"(anonymous_4)","decl":{"start":{"line":14,"column":31},"end":{"line":14,"column":32}},"loc":{"start":{"line":14,"column":43},"end":{"line":17,"column":1}},"line":14}},"branchMap":{},"s":{"0":0,"1":0,"2":0,"3":0,"4":0,"5":0,"6":0,"7":0,"8":0,"9":0},"f":{"0":0,"1":0,"2":0,"3":0,"4":0},"b":{}}
,"/Users/andrewsabato/Desktop/Personal/Projects/CreateThisRNTemplate/src/Authentication.ts": {"path":"/Users/andrewsabato/Desktop/Personal/Projects/CreateThisRNTemplate/src/Authentication.ts","statementMap":{"0":{"start":{"line":9,"column":27},"end":{"line":9,"column":31}},"1":{"start":{"line":11,"column":24},"end":{"line":16,"column":1}},"2":{"start":{"line":12,"column":2},"end":{"line":14,"column":3}},"3":{"start":{"line":13,"column":4},"end":{"line":13,"column":49}},"4":{"start":{"line":15,"column":2},"end":{"line":15,"column":15}},"5":{"start":{"line":18,"column":17},"end":{"line":42,"column":1}},"6":{"start":{"line":22,"column":13},"end":{"line":22,"column":32}},"7":{"start":{"line":23,"column":22},"end":{"line":26,"column":3}},"8":{"start":{"line":28,"column":2},"end":{"line":32,"column":5}},"9":{"start":{"line":34,"column":2},"end":{"line":34,"column":41}},"10":{"start":{"line":36,"column":19},"end":{"line":36,"column":58}},"11":{"start":{"line":37,"column":18},"end":{"line":37,"column":64}},"12":{"start":{"line":38,"column":2},"end":{"line":40,"column":3}},"13":{"start":{"line":39,"column":4},"end":{"line":39,"column":21}},"14":{"start":{"line":41,"column":2},"end":{"line":41,"column":20}},"15":{"start":{"line":45,"column":27},"end":{"line":66,"column":1}},"16":{"start":{"line":46,"column":2},"end":{"line":65,"column":3}},"17":{"start":{"line":48,"column":6},"end":{"line":48,"column":50}},"18":{"start":{"line":50,"column":6},"end":{"line":50,"column":36}},"19":{"start":{"line":52,"column":6},"end":{"line":52,"column":44}},"20":{"start":{"line":54,"column":6},"end":{"line":54,"column":50}},"21":{"start":{"line":56,"column":6},"end":{"line":56,"column":55}},"22":{"start":{"line":58,"column":6},"end":{"line":58,"column":36}},"23":{"start":{"line":60,"column":6},"end":{"line":60,"column":58}},"24":{"start":{"line":62,"column":6},"end":{"line":62,"column":62}},"25":{"start":{"line":64,"column":6},"end":{"line":64,"column":19}},"26":{"start":{"line":68,"column":28},"end":{"line":69,"column":45}},"27":{"start":{"line":69,"column":2},"end":{"line":69,"column":45}},"28":{"start":{"line":71,"column":22},"end":{"line":78,"column":56}},"29":{"start":{"line":75,"column":2},"end":{"line":78,"column":56}},"30":{"start":{"line":78,"column":22},"end":{"line":78,"column":55}},"31":{"start":{"line":80,"column":26},"end":{"line":84,"column":56}},"32":{"start":{"line":81,"column":2},"end":{"line":84,"column":56}},"33":{"start":{"line":84,"column":22},"end":{"line":84,"column":55}},"34":{"start":{"line":86,"column":22},"end":{"line":93,"column":56}},"35":{"start":{"line":90,"column":2},"end":{"line":93,"column":56}},"36":{"start":{"line":93,"column":22},"end":{"line":93,"column":55}},"37":{"start":{"line":95,"column":34},"end":{"line":101,"column":56}},"38":{"start":{"line":98,"column":2},"end":{"line":101,"column":56}},"39":{"start":{"line":101,"column":22},"end":{"line":101,"column":55}},"40":{"start":{"line":103,"column":32},"end":{"line":109,"column":56}},"41":{"start":{"line":106,"column":2},"end":{"line":109,"column":56}},"42":{"start":{"line":109,"column":22},"end":{"line":109,"column":55}},"43":{"start":{"line":111,"column":31},"end":{"line":118,"column":56}},"44":{"start":{"line":115,"column":2},"end":{"line":118,"column":56}},"45":{"start":{"line":118,"column":22},"end":{"line":118,"column":55}},"46":{"start":{"line":120,"column":23},"end":{"line":120,"column":68}},"47":{"start":{"line":120,"column":44},"end":{"line":120,"column":68}}},"fnMap":{"0":{"name":"(anonymous_0)","decl":{"start":{"line":11,"column":24},"end":{"line":11,"column":25}},"loc":{"start":{"line":11,"column":60},"end":{"line":16,"column":1}},"line":11},"1":{"name":"(anonymous_1)","decl":{"start":{"line":18,"column":17},"end":{"line":18,"column":18}},"loc":{"start":{"line":21,"column":48},"end":{"line":42,"column":1}},"line":21},"2":{"name":"(anonymous_2)","decl":{"start":{"line":45,"column":27},"end":{"line":45,"column":28}},"loc":{"start":{"line":45,"column":54},"end":{"line":66,"column":1}},"line":45},"3":{"name":"(anonymous_3)","decl":{"start":{"line":68,"column":28},"end":{"line":68,"column":29}},"loc":{"start":{"line":69,"column":2},"end":{"line":69,"column":45}},"line":69},"4":{"name":"(anonymous_4)","decl":{"start":{"line":71,"column":22},"end":{"line":71,"column":23}},"loc":{"start":{"line":75,"column":2},"end":{"line":78,"column":56}},"line":75},"5":{"name":"(anonymous_5)","decl":{"start":{"line":78,"column":11},"end":{"line":78,"column":12}},"loc":{"start":{"line":78,"column":22},"end":{"line":78,"column":55}},"line":78},"6":{"name":"(anonymous_6)","decl":{"start":{"line":80,"column":26},"end":{"line":80,"column":27}},"loc":{"start":{"line":81,"column":2},"end":{"line":84,"column":56}},"line":81},"7":{"name":"(anonymous_7)","decl":{"start":{"line":84,"column":11},"end":{"line":84,"column":12}},"loc":{"start":{"line":84,"column":22},"end":{"line":84,"column":55}},"line":84},"8":{"name":"(anonymous_8)","decl":{"start":{"line":86,"column":22},"end":{"line":86,"column":23}},"loc":{"start":{"line":90,"column":2},"end":{"line":93,"column":56}},"line":90},"9":{"name":"(anonymous_9)","decl":{"start":{"line":93,"column":11},"end":{"line":93,"column":12}},"loc":{"start":{"line":93,"column":22},"end":{"line":93,"column":55}},"line":93},"10":{"name":"(anonymous_10)","decl":{"start":{"line":95,"column":34},"end":{"line":95,"column":35}},"loc":{"start":{"line":98,"column":2},"end":{"line":101,"column":56}},"line":98},"11":{"name":"(anonymous_11)","decl":{"start":{"line":101,"column":11},"end":{"line":101,"column":12}},"loc":{"start":{"line":101,"column":22},"end":{"line":101,"column":55}},"line":101},"12":{"name":"(anonymous_12)","decl":{"start":{"line":103,"column":32},"end":{"line":103,"column":33}},"loc":{"start":{"line":106,"column":2},"end":{"line":109,"column":56}},"line":106},"13":{"name":"(anonymous_13)","decl":{"start":{"line":109,"column":11},"end":{"line":109,"column":12}},"loc":{"start":{"line":109,"column":22},"end":{"line":109,"column":55}},"line":109},"14":{"name":"(anonymous_14)","decl":{"start":{"line":111,"column":31},"end":{"line":111,"column":32}},"loc":{"start":{"line":115,"column":2},"end":{"line":118,"column":56}},"line":115},"15":{"name":"(anonymous_15)","decl":{"start":{"line":118,"column":11},"end":{"line":118,"column":12}},"loc":{"start":{"line":118,"column":22},"end":{"line":118,"column":55}},"line":118},"16":{"name":"(anonymous_16)","decl":{"start":{"line":120,"column":23},"end":{"line":120,"column":24}},"loc":{"start":{"line":120,"column":44},"end":{"line":120,"column":68}},"line":120}},"branchMap":{"0":{"loc":{"start":{"line":12,"column":2},"end":{"line":14,"column":3}},"type":"if","locations":[{"start":{"line":12,"column":2},"end":{"line":14,"column":3}},{"start":{},"end":{}}],"line":12},"1":{"loc":{"start":{"line":20,"column":2},"end":{"line":20,"column":15}},"type":"default-arg","locations":[{"start":{"line":20,"column":10},"end":{"line":20,"column":15}}],"line":20},"2":{"loc":{"start":{"line":24,"column":11},"end":{"line":24,"column":46}},"type":"binary-expr","locations":[{"start":{"line":24,"column":11},"end":{"line":24,"column":32}},{"start":{"line":24,"column":36},"end":{"line":24,"column":46}}],"line":24},"3":{"loc":{"start":{"line":25,"column":14},"end":{"line":25,"column":61}},"type":"binary-expr","locations":[{"start":{"line":25,"column":14},"end":{"line":25,"column":41}},{"start":{"line":25,"column":45},"end":{"line":25,"column":61}}],"line":25},"4":{"loc":{"start":{"line":38,"column":2},"end":{"line":40,"column":3}},"type":"if","locations":[{"start":{"line":38,"column":2},"end":{"line":40,"column":3}},{"start":{},"end":{}}],"line":38},"5":{"loc":{"start":{"line":46,"column":2},"end":{"line":65,"column":3}},"type":"switch","locations":[{"start":{"line":47,"column":4},"end":{"line":48,"column":50}},{"start":{"line":49,"column":4},"end":{"line":50,"column":36}},{"start":{"line":51,"column":4},"end":{"line":52,"column":44}},{"start":{"line":53,"column":4},"end":{"line":54,"column":50}},{"start":{"line":55,"column":4},"end":{"line":56,"column":55}},{"start":{"line":57,"column":4},"end":{"line":58,"column":36}},{"start":{"line":59,"column":4},"end":{"line":60,"column":58}},{"start":{"line":61,"column":4},"end":{"line":62,"column":62}},{"start":{"line":63,"column":4},"end":{"line":64,"column":19}}],"line":46}},"s":{"0":0,"1":0,"2":0,"3":0,"4":0,"5":0,"6":0,"7":0,"8":0,"9":0,"10":0,"11":0,"12":0,"13":0,"14":0,"15":0,"16":0,"17":0,"18":0,"19":0,"20":0,"21":0,"22":0,"23":0,"24":0,"25":0,"26":0,"27":0,"28":0,"29":0,"30":0,"31":0,"32":0,"33":0,"34":0,"35":0,"36":0,"37":0,"38":0,"39":0,"40":0,"41":0,"42":0,"43":0,"44":0,"45":0,"46":0,"47":0},"f":{"0":0,"1":0,"2":0,"3":0,"4":0,"5":0,"6":0,"7":0,"8":0,"9":0,"10":0,"11":0,"12":0,"13":0,"14":0,"15":0,"16":0},"b":{"0":[0,0],"1":[0],"2":[0,0],"3":[0,0],"4":[0,0],"5":[0,0,0,0,0,0,0,0,0]}}
,"/Users/andrewsabato/Desktop/Personal/Projects/CreateThisRNTemplate/src/Deeplinking.ts": {"path":"/Users/andrewsabato/Desktop/Personal/Projects/CreateThisRNTemplate/src/Deeplinking.ts","statementMap":{"0":{"start":{"line":4,"column":59},"end":{"line":15,"column":1}}},"fnMap":{},"branchMap":{},"s":{"0":0},"f":{},"b":{}}
,"/Users/andrewsabato/Desktop/Personal/Projects/CreateThisRNTemplate/src/Storage.ts": {"path":"/Users/andrewsabato/Desktop/Personal/Projects/CreateThisRNTemplate/src/Storage.ts","statementMap":{"0":{"start":{"line":9,"column":2},"end":{"line":14,"column":3}},"1":{"start":{"line":10,"column":4},"end":{"line":10,"column":42}},"2":{"start":{"line":12,"column":4},"end":{"line":12,"column":24}},"3":{"start":{"line":13,"column":4},"end":{"line":13,"column":16}},"4":{"start":{"line":18,"column":2},"end":{"line":24,"column":3}},"5":{"start":{"line":19,"column":4},"end":{"line":19,"column":42}},"6":{"start":{"line":20,"column":4},"end":{"line":20,"column":16}},"7":{"start":{"line":22,"column":4},"end":{"line":22,"column":24}},"8":{"start":{"line":23,"column":4},"end":{"line":23,"column":17}},"9":{"start":{"line":28,"column":2},"end":{"line":34,"column":3}},"10":{"start":{"line":29,"column":4},"end":{"line":29,"column":38}},"11":{"start":{"line":30,"column":4},"end":{"line":30,"column":16}},"12":{"start":{"line":32,"column":4},"end":{"line":32,"column":24}},"13":{"start":{"line":33,"column":4},"end":{"line":33,"column":17}}},"fnMap":{"0":{"name":"getItem","decl":{"start":{"line":8,"column":22},"end":{"line":8,"column":29}},"loc":{"start":{"line":8,"column":70},"end":{"line":15,"column":1}},"line":8},"1":{"name":"setItem","decl":{"start":{"line":17,"column":22},"end":{"line":17,"column":29}},"loc":{"start":{"line":17,"column":79},"end":{"line":25,"column":1}},"line":17},"2":{"name":"removeItem","decl":{"start":{"line":27,"column":22},"end":{"line":27,"column":32}},"loc":{"start":{"line":27,"column":67},"end":{"line":35,"column":1}},"line":27}},"branchMap":{},"s":{"0":0,"1":0,"2":0,"3":0,"4":0,"5":0,"6":0,"7":0,"8":0,"9":0,"10":0,"11":0,"12":0,"13":0},"f":{"0":0,"1":0,"2":0},"b":{},"_coverageSchema":"1a1c01bbd47fc00a2c39e90264f33305004495a9","hash":"2663b630c98718443eaeb7a5a973121d59e9aeec"}
,"/Users/andrewsabato/Desktop/Personal/Projects/CreateThisRNTemplate/src/Strings.ts": {"path":"/Users/andrewsabato/Desktop/Personal/Projects/CreateThisRNTemplate/src/Strings.ts","statementMap":{"0":{"start":{"line":3,"column":19},"end":{"line":5,"column":1}},"1":{"start":{"line":4,"column":2},"end":{"line":4,"column":19}}},"fnMap":{"0":{"name":"(anonymous_0)","decl":{"start":{"line":3,"column":19},"end":{"line":3,"column":20}},"loc":{"start":{"line":3,"column":25},"end":{"line":5,"column":1}},"line":3}},"branchMap":{},"s":{"0":0,"1":0},"f":{"0":0},"b":{}}
,"/Users/andrewsabato/Desktop/Personal/Projects/CreateThisRNTemplate/src/Theme.tsx": {"path":"/Users/andrewsabato/Desktop/Personal/Projects/CreateThisRNTemplate/src/Theme.tsx","statementMap":{"0":{"start":{"line":10,"column":26},"end":{"line":10,"column":50}},"1":{"start":{"line":11,"column":22},"end":{"line":11,"column":28}},"2":{"start":{"line":12,"column":21},"end":{"line":12,"column":26}},"3":{"start":{"line":13,"column":22},"end":{"line":13,"column":35}},"4":{"start":{"line":14,"column":19},"end":{"line":20,"column":1}},"5":{"start":{"line":21,"column":24},"end":{"line":21,"column":76}},"6":{"start":{"line":21,"column":47},"end":{"line":21,"column":74}},"7":{"start":{"line":22,"column":21},"end":{"line":22,"column":39}},"8":{"start":{"line":35,"column":2},"end":{"line":38,"column":4}},"9":{"start":{"line":37,"column":31},"end":{"line":37,"column":53}},"10":{"start":{"line":41,"column":20},"end":{"line":41,"column":85}},"11":{"start":{"line":41,"column":56},"end":{"line":41,"column":85}},"12":{"start":{"line":43,"column":20},"end":{"line":44,"column":41}},"13":{"start":{"line":44,"column":2},"end":{"line":44,"column":41}},"14":{"start":{"line":46,"column":21},"end":{"line":49,"column":2}},"15":{"start":{"line":53,"column":33},"end":{"line":72,"column":1}},"16":{"start":{"line":54,"column":32},"end":{"line":54,"column":55}},"17":{"start":{"line":56,"column":2},"end":{"line":65,"column":9}},"18":{"start":{"line":57,"column":4},"end":{"line":64,"column":9}},"19":{"start":{"line":58,"column":28},"end":{"line":58,"column":47}},"20":{"start":{"line":59,"column":6},"end":{"line":63,"column":7}},"21":{"start":{"line":60,"column":8},"end":{"line":60,"column":34}},"22":{"start":{"line":62,"column":8},"end":{"line":62,"column":34}},"23":{"start":{"line":67,"column":2},"end":{"line":71,"column":4}},"24":{"start":{"line":80,"column":32},"end":{"line":80,"column":56}},"25":{"start":{"line":81,"column":19},"end":{"line":84,"column":3}},"26":{"start":{"line":82,"column":4},"end":{"line":82,"column":31}},"27":{"start":{"line":83,"column":4},"end":{"line":83,"column":24}},"28":{"start":{"line":85,"column":17},"end":{"line":85,"column":87}},"29":{"start":{"line":86,"column":2},"end":{"line":86,"column":52}}},"fnMap":{"0":{"name":"(anonymous_0)","decl":{"start":{"line":21,"column":35},"end":{"line":21,"column":36}},"loc":{"start":{"line":21,"column":47},"end":{"line":21,"column":74}},"line":21},"1":{"name":"getTheme","decl":{"start":{"line":34,"column":9},"end":{"line":34,"column":17}},"loc":{"start":{"line":34,"column":48},"end":{"line":39,"column":1}},"line":34},"2":{"name":"(anonymous_2)","decl":{"start":{"line":37,"column":20},"end":{"line":37,"column":21}},"loc":{"start":{"line":37,"column":31},"end":{"line":37,"column":53}},"line":37},"3":{"name":"(anonymous_3)","decl":{"start":{"line":41,"column":20},"end":{"line":41,"column":21}},"loc":{"start":{"line":41,"column":56},"end":{"line":41,"column":85}},"line":41},"4":{"name":"(anonymous_4)","decl":{"start":{"line":43,"column":20},"end":{"line":43,"column":21}},"loc":{"start":{"line":44,"column":2},"end":{"line":44,"column":41}},"line":44},"5":{"name":"(anonymous_5)","decl":{"start":{"line":48,"column":15},"end":{"line":48,"column":16}},"loc":{"start":{"line":48,"column":21},"end":{"line":48,"column":23}},"line":48},"6":{"name":"(anonymous_6)","decl":{"start":{"line":53,"column":33},"end":{"line":53,"column":34}},"loc":{"start":{"line":53,"column":51},"end":{"line":72,"column":1}},"line":53},"7":{"name":"(anonymous_7)","decl":{"start":{"line":56,"column":12},"end":{"line":56,"column":13}},"loc":{"start":{"line":56,"column":18},"end":{"line":65,"column":3}},"line":56},"8":{"name":"(anonymous_8)","decl":{"start":{"line":57,"column":5},"end":{"line":57,"column":6}},"loc":{"start":{"line":57,"column":17},"end":{"line":64,"column":5}},"line":57},"9":{"name":"useTheme","decl":{"start":{"line":76,"column":16},"end":{"line":76,"column":24}},"loc":{"start":{"line":79,"column":65},"end":{"line":87,"column":1}},"line":79},"10":{"name":"(anonymous_10)","decl":{"start":{"line":81,"column":19},"end":{"line":81,"column":20}},"loc":{"start":{"line":81,"column":46},"end":{"line":84,"column":3}},"line":81}},"branchMap":{"0":{"loc":{"start":{"line":37,"column":8},"end":{"line":37,"column":67}},"type":"binary-expr","locations":[{"start":{"line":37,"column":8},"end":{"line":37,"column":54}},{"start":{"line":37,"column":58},"end":{"line":37,"column":67}}],"line":37},"1":{"loc":{"start":{"line":59,"column":6},"end":{"line":63,"column":7}},"type":"if","locations":[{"start":{"line":59,"column":6},"end":{"line":63,"column":7}},{"start":{"line":61,"column":13},"end":{"line":63,"column":7}}],"line":59},"2":{"loc":{"start":{"line":85,"column":17},"end":{"line":85,"column":87}},"type":"cond-expr","locations":[{"start":{"line":85,"column":33},"end":{"line":85,"column":82}},{"start":{"line":85,"column":85},"end":{"line":85,"column":87}}],"line":85}},"s":{"0":4,"1":4,"2":4,"3":4,"4":4,"5":4,"6":4,"7":4,"8":0,"9":0,"10":4,"11":0,"12":4,"13":0,"14":4,"15":4,"16":0,"17":0,"18":0,"19":0,"20":0,"21":0,"22":0,"23":0,"24":11,"25":11,"26":0,"27":0,"28":11,"29":11},"f":{"0":4,"1":0,"2":0,"3":0,"4":0,"5":0,"6":0,"7":0,"8":0,"9":11,"10":0},"b":{"0":[0,0],"1":[0,0],"2":[11,0]},"_coverageSchema":"1a1c01bbd47fc00a2c39e90264f33305004495a9","hash":"8cd8cb133c16468cd66ac7c4581c3ebc26fdf09d"}
,"/Users/andrewsabato/Desktop/Personal/Projects/CreateThisRNTemplate/src/Types.ts": {"path":"/Users/andrewsabato/Desktop/Personal/Projects/CreateThisRNTemplate/src/Types.ts","statementMap":{},"fnMap":{},"branchMap":{},"s":{},"f":{},"b":{}}
,"/Users/andrewsabato/Desktop/Personal/Projects/CreateThisRNTemplate/src/analytics/Analytics.ts": {"path":"/Users/andrewsabato/Desktop/Personal/Projects/CreateThisRNTemplate/src/analytics/Analytics.ts","statementMap":{"0":{"start":{"line":7,"column":24},"end":{"line":11,"column":1}},"1":{"start":{"line":8,"column":2},"end":{"line":8,"column":43}},"2":{"start":{"line":9,"column":2},"end":{"line":9,"column":26}},"3":{"start":{"line":10,"column":2},"end":{"line":10,"column":34}},"4":{"start":{"line":13,"column":25},"end":{"line":22,"column":1}},"5":{"start":{"line":14,"column":2},"end":{"line":17,"column":5}},"6":{"start":{"line":18,"column":2},"end":{"line":20,"column":5}},"7":{"start":{"line":21,"column":2},"end":{"line":21,"column":48}},"8":{"start":{"line":24,"column":24},"end":{"line":32,"column":1}},"9":{"start":{"line":25,"column":2},"end":{"line":25,"column":33}},"10":{"start":{"line":26,"column":2},"end":{"line":26,"column":35}},"11":{"start":{"line":27,"column":2},"end":{"line":31,"column":3}},"12":{"start":{"line":28,"column":4},"end":{"line":28,"column":39}},"13":{"start":{"line":30,"column":4},"end":{"line":30,"column":23}},"14":{"start":{"line":34,"column":30},"end":{"line":47,"column":1}},"15":{"start":{"line":35,"column":2},"end":{"line":46,"column":5}}},"fnMap":{"0":{"name":"(anonymous_0)","decl":{"start":{"line":7,"column":24},"end":{"line":7,"column":25}},"loc":{"start":{"line":7,"column":77},"end":{"line":11,"column":1}},"line":7},"1":{"name":"(anonymous_1)","decl":{"start":{"line":13,"column":25},"end":{"line":13,"column":26}},"loc":{"start":{"line":13,"column":49},"end":{"line":22,"column":1}},"line":13},"2":{"name":"(anonymous_2)","decl":{"start":{"line":24,"column":24},"end":{"line":24,"column":25}},"loc":{"start":{"line":24,"column":66},"end":{"line":32,"column":1}},"line":24},"3":{"name":"(anonymous_3)","decl":{"start":{"line":34,"column":30},"end":{"line":34,"column":31}},"loc":{"start":{"line":34,"column":97},"end":{"line":47,"column":1}},"line":34}},"branchMap":{"0":{"loc":{"start":{"line":7,"column":48},"end":{"line":7,"column":72}},"type":"default-arg","locations":[{"start":{"line":7,"column":70},"end":{"line":7,"column":72}}],"line":7},"1":{"loc":{"start":{"line":27,"column":2},"end":{"line":31,"column":3}},"type":"if","locations":[{"start":{"line":27,"column":2},"end":{"line":31,"column":3}},{"start":{"line":29,"column":9},"end":{"line":31,"column":3}}],"line":27},"2":{"loc":{"start":{"line":27,"column":6},"end":{"line":27,"column":49}},"type":"binary-expr","locations":[{"start":{"line":27,"column":6},"end":{"line":27,"column":20}},{"start":{"line":27,"column":24},"end":{"line":27,"column":49}}],"line":27}},"s":{"0":0,"1":0,"2":0,"3":0,"4":0,"5":0,"6":0,"7":0,"8":0,"9":0,"10":0,"11":0,"12":0,"13":0,"14":0,"15":0},"f":{"0":0,"1":0,"2":0,"3":0},"b":{"0":[0],"1":[0,0],"2":[0,0]}}
,"/Users/andrewsabato/Desktop/Personal/Projects/CreateThisRNTemplate/src/analytics/AnalyticsConstants.ts": {"path":"/Users/andrewsabato/Desktop/Personal/Projects/CreateThisRNTemplate/src/analytics/AnalyticsConstants.ts","statementMap":{},"fnMap":{},"branchMap":{},"s":{},"f":{},"b":{}}
,"/Users/andrewsabato/Desktop/Personal/Projects/CreateThisRNTemplate/src/components/buttons/Button.tsx": {"path":"/Users/andrewsabato/Desktop/Personal/Projects/CreateThisRNTemplate/src/components/buttons/Button.tsx","statementMap":{"0":{"start":{"line":8,"column":32},"end":{"line":23,"column":1}},"1":{"start":{"line":16,"column":19},"end":{"line":16,"column":55}},"2":{"start":{"line":18,"column":2},"end":{"line":22,"column":4}}},"fnMap":{"0":{"name":"(anonymous_0)","decl":{"start":{"line":8,"column":32},"end":{"line":8,"column":33}},"loc":{"start":{"line":15,"column":6},"end":{"line":23,"column":1}},"line":15},"1":{"name":"(anonymous_1)","decl":{"start":{"line":9,"column":12},"end":{"line":9,"column":13}},"loc":{"start":{"line":9,"column":18},"end":{"line":9,"column":20}},"line":9}},"branchMap":{"0":{"loc":{"start":{"line":9,"column":2},"end":{"line":9,"column":20}},"type":"default-arg","locations":[{"start":{"line":9,"column":12},"end":{"line":9,"column":20}}],"line":9},"1":{"loc":{"start":{"line":10,"column":2},"end":{"line":10,"column":18}},"type":"default-arg","locations":[{"start":{"line":10,"column":13},"end":{"line":10,"column":18}}],"line":10},"2":{"loc":{"start":{"line":11,"column":2},"end":{"line":11,"column":16}},"type":"default-arg","locations":[{"start":{"line":11,"column":12},"end":{"line":11,"column":16}}],"line":11},"3":{"loc":{"start":{"line":13,"column":2},"end":{"line":13,"column":12}},"type":"default-arg","locations":[{"start":{"line":13,"column":10},"end":{"line":13,"column":12}}],"line":13},"4":{"loc":{"start":{"line":14,"column":2},"end":{"line":14,"column":16}},"type":"default-arg","locations":[{"start":{"line":14,"column":14},"end":{"line":14,"column":16}}],"line":14}},"s":{"0":1,"1":1,"2":1},"f":{"0":1,"1":0},"b":{"0":[1],"1":[1],"2":[1],"3":[1],"4":[1]},"_coverageSchema":"1a1c01bbd47fc00a2c39e90264f33305004495a9","hash":"6fabb58f3a82c6f976df8f811cc2c95358836744"}
,"/Users/andrewsabato/Desktop/Personal/Projects/CreateThisRNTemplate/src/components/buttons/ButtonRoot.tsx": {"path":"/Users/andrewsabato/Desktop/Personal/Projects/CreateThisRNTemplate/src/components/buttons/ButtonRoot.tsx","statementMap":{"0":{"start":{"line":7,"column":40},"end":{"line":23,"column":1}},"1":{"start":{"line":13,"column":19},"end":{"line":13,"column":56}},"2":{"start":{"line":14,"column":2},"end":{"line":22,"column":4}}},"fnMap":{"0":{"name":"(anonymous_0)","decl":{"start":{"line":7,"column":40},"end":{"line":7,"column":41}},"loc":{"start":{"line":12,"column":6},"end":{"line":23,"column":1}},"line":12},"1":{"name":"(anonymous_1)","decl":{"start":{"line":9,"column":12},"end":{"line":9,"column":13}},"loc":{"start":{"line":9,"column":18},"end":{"line":9,"column":20}},"line":9},"2":{"name":"(anonymous_2)","decl":{"start":{"line":18,"column":26},"end":{"line":18,"column":27}},"loc":{"start":{"line":18,"column":32},"end":{"line":18,"column":34}},"line":18}},"branchMap":{"0":{"loc":{"start":{"line":9,"column":2},"end":{"line":9,"column":20}},"type":"default-arg","locations":[{"start":{"line":9,"column":12},"end":{"line":9,"column":20}}],"line":9},"1":{"loc":{"start":{"line":10,"column":2},"end":{"line":10,"column":18}},"type":"default-arg","locations":[{"start":{"line":10,"column":13},"end":{"line":10,"column":18}}],"line":10},"2":{"loc":{"start":{"line":11,"column":2},"end":{"line":11,"column":12}},"type":"default-arg","locations":[{"start":{"line":11,"column":10},"end":{"line":11,"column":12}}],"line":11},"3":{"loc":{"start":{"line":17,"column":21},"end":{"line":17,"column":41}},"type":"cond-expr","locations":[{"start":{"line":17,"column":32},"end":{"line":17,"column":35}},{"start":{"line":17,"column":38},"end":{"line":17,"column":41}}],"line":17},"4":{"loc":{"start":{"line":18,"column":15},"end":{"line":18,"column":44}},"type":"cond-expr","locations":[{"start":{"line":18,"column":26},"end":{"line":18,"column":34}},{"start":{"line":18,"column":37},"end":{"line":18,"column":44}}],"line":18}},"s":{"0":1,"1":2,"2":2},"f":{"0":2,"1":0,"2":0},"b":{"0":[1],"1":[1],"2":[1],"3":[0,2],"4":[0,2]},"_coverageSchema":"1a1c01bbd47fc00a2c39e90264f33305004495a9","hash":"1864974308eb4c069db24a3157bc7e84d4ed048d"}
,"/Users/andrewsabato/Desktop/Personal/Projects/CreateThisRNTemplate/src/components/buttons/ButtonStyles.ts": {"path":"/Users/andrewsabato/Desktop/Personal/Projects/CreateThisRNTemplate/src/components/buttons/ButtonStyles.ts","statementMap":{"0":{"start":{"line":4,"column":37},"end":{"line":26,"column":4}},"1":{"start":{"line":5,"column":2},"end":{"line":26,"column":4}}},"fnMap":{"0":{"name":"(anonymous_0)","decl":{"start":{"line":4,"column":37},"end":{"line":4,"column":38}},"loc":{"start":{"line":5,"column":2},"end":{"line":26,"column":4}},"line":5}},"branchMap":{"0":{"loc":{"start":{"line":6,"column":36},"end":{"line":6,"column":61}},"type":"cond-expr","locations":[{"start":{"line":6,"column":54},"end":{"line":6,"column":57}},{"start":{"line":6,"column":60},"end":{"line":6,"column":61}}],"line":6},"1":{"loc":{"start":{"line":11,"column":23},"end":{"line":11,"column":90}},"type":"cond-expr","locations":[{"start":{"line":11,"column":39},"end":{"line":11,"column":74}},{"start":{"line":11,"column":77},"end":{"line":11,"column":90}}],"line":11},"2":{"loc":{"start":{"line":13,"column":19},"end":{"line":13,"column":40}},"type":"cond-expr","locations":[{"start":{"line":13,"column":35},"end":{"line":13,"column":36}},{"start":{"line":13,"column":39},"end":{"line":13,"column":40}}],"line":13},"3":{"loc":{"start":{"line":20,"column":13},"end":{"line":22,"column":45}},"type":"cond-expr","locations":[{"start":{"line":21,"column":10},"end":{"line":21,"column":43}},{"start":{"line":22,"column":10},"end":{"line":22,"column":45}}],"line":20}},"s":{"0":1,"1":3},"f":{"0":3},"b":{"0":[0,3],"1":[1,2],"2":[1,2],"3":[1,2]},"_coverageSchema":"1a1c01bbd47fc00a2c39e90264f33305004495a9","hash":"687a2c54d1c2e530493f4dd8e5d14b5e4019b87b"}
,"/Users/andrewsabato/Desktop/Personal/Projects/CreateThisRNTemplate/src/components/rotatedText/RotatedText.tsx": {"path":"/Users/andrewsabato/Desktop/Personal/Projects/CreateThisRNTemplate/src/components/rotatedText/RotatedText.tsx","statementMap":{"0":{"start":{"line":12,"column":42},"end":{"line":27,"column":1}},"1":{"start":{"line":13,"column":20},"end":{"line":13,"column":34}},"2":{"start":{"line":14,"column":19},"end":{"line":14,"column":42}},"3":{"start":{"line":16,"column":2},"end":{"line":26,"column":4}},"4":{"start":{"line":19,"column":8},"end":{"line":23,"column":15}}},"fnMap":{"0":{"name":"(anonymous_0)","decl":{"start":{"line":12,"column":42},"end":{"line":12,"column":43}},"loc":{"start":{"line":12,"column":56},"end":{"line":27,"column":1}},"line":12},"1":{"name":"(anonymous_1)","decl":{"start":{"line":18,"column":21},"end":{"line":18,"column":22}},"loc":{"start":{"line":19,"column":8},"end":{"line":23,"column":15}},"line":19}},"branchMap":{},"s":{"0":1,"1":1,"2":1,"3":1,"4":4},"f":{"0":1,"1":4},"b":{},"_coverageSchema":"1a1c01bbd47fc00a2c39e90264f33305004495a9","hash":"9726305e533f7e70d81b58c1fc34ae5b8ab4229f"}
,"/Users/andrewsabato/Desktop/Personal/Projects/CreateThisRNTemplate/src/components/rotatedText/RotatedTextStyles.ts": {"path":"/Users/andrewsabato/Desktop/Personal/Projects/CreateThisRNTemplate/src/components/rotatedText/RotatedTextStyles.ts","statementMap":{"0":{"start":{"line":4,"column":37},"end":{"line":24,"column":4}},"1":{"start":{"line":5,"column":2},"end":{"line":24,"column":4}}},"fnMap":{"0":{"name":"(anonymous_0)","decl":{"start":{"line":4,"column":37},"end":{"line":4,"column":38}},"loc":{"start":{"line":5,"column":2},"end":{"line":24,"column":4}},"line":5}},"branchMap":{},"s":{"0":1,"1":1},"f":{"0":1},"b":{},"_coverageSchema":"1a1c01bbd47fc00a2c39e90264f33305004495a9","hash":"036eafb20631b3884d0d16e07217c96da94eda09"}
,"/Users/andrewsabato/Desktop/Personal/Projects/CreateThisRNTemplate/src/components/screen/Screen.tsx": {"path":"/Users/andrewsabato/Desktop/Personal/Projects/CreateThisRNTemplate/src/components/screen/Screen.tsx","statementMap":{"0":{"start":{"line":10,"column":32},"end":{"line":17,"column":1}},"1":{"start":{"line":11,"column":19},"end":{"line":11,"column":63}},"2":{"start":{"line":12,"column":2},"end":{"line":16,"column":4}}},"fnMap":{"0":{"name":"(anonymous_0)","decl":{"start":{"line":10,"column":32},"end":{"line":10,"column":33}},"loc":{"start":{"line":10,"column":67},"end":{"line":17,"column":1}},"line":10}},"branchMap":{},"s":{"0":1,"1":1,"2":1},"f":{"0":1},"b":{},"_coverageSchema":"1a1c01bbd47fc00a2c39e90264f33305004495a9","hash":"a05c6811339d9a7100da60b2f3a56783420fa037"}
,"/Users/andrewsabato/Desktop/Personal/Projects/CreateThisRNTemplate/src/components/screen/ScreenStyles.ts": {"path":"/Users/andrewsabato/Desktop/Personal/Projects/CreateThisRNTemplate/src/components/screen/ScreenStyles.ts","statementMap":{"0":{"start":{"line":4,"column":37},"end":{"line":23,"column":4}},"1":{"start":{"line":5,"column":2},"end":{"line":23,"column":4}}},"fnMap":{"0":{"name":"(anonymous_0)","decl":{"start":{"line":4,"column":37},"end":{"line":4,"column":38}},"loc":{"start":{"line":5,"column":2},"end":{"line":23,"column":4}},"line":5}},"branchMap":{"0":{"loc":{"start":{"line":14,"column":23},"end":{"line":14,"column":87}},"type":"binary-expr","locations":[{"start":{"line":14,"column":23},"end":{"line":14,"column":44}},{"start":{"line":14,"column":48},"end":{"line":14,"column":87}}],"line":14}},"s":{"0":1,"1":1},"f":{"0":1},"b":{"0":[1,1]},"_coverageSchema":"1a1c01bbd47fc00a2c39e90264f33305004495a9","hash":"6a2ee047f3b92ae7f7b9dfe93233f6d47ac052e7"}
,"/Users/andrewsabato/Desktop/Personal/Projects/CreateThisRNTemplate/src/components/text/Text.tsx": {"path":"/Users/andrewsabato/Desktop/Personal/Projects/CreateThisRNTemplate/src/components/text/Text.tsx","statementMap":{"0":{"start":{"line":13,"column":28},"end":{"line":20,"column":1}},"1":{"start":{"line":14,"column":19},"end":{"line":14,"column":52}},"2":{"start":{"line":15,"column":2},"end":{"line":19,"column":4}}},"fnMap":{"0":{"name":"(anonymous_0)","decl":{"start":{"line":13,"column":28},"end":{"line":13,"column":29}},"loc":{"start":{"line":13,"column":77},"end":{"line":20,"column":1}},"line":13}},"branchMap":{"0":{"loc":{"start":{"line":13,"column":31},"end":{"line":13,"column":43}},"type":"default-arg","locations":[{"start":{"line":13,"column":38},"end":{"line":13,"column":43}}],"line":13}},"s":{"0":3,"1":6,"2":6},"f":{"0":6},"b":{"0":[2]},"_coverageSchema":"1a1c01bbd47fc00a2c39e90264f33305004495a9","hash":"295a67e49feb52af9e08dfebcebb8a05bed92ef8"}
,"/Users/andrewsabato/Desktop/Personal/Projects/CreateThisRNTemplate/src/components/text/TextStyles.ts": {"path":"/Users/andrewsabato/Desktop/Personal/Projects/CreateThisRNTemplate/src/components/text/TextStyles.ts","statementMap":{"0":{"start":{"line":4,"column":37},"end":{"line":14,"column":4}},"1":{"start":{"line":5,"column":2},"end":{"line":14,"column":4}}},"fnMap":{"0":{"name":"(anonymous_0)","decl":{"start":{"line":4,"column":37},"end":{"line":4,"column":38}},"loc":{"start":{"line":5,"column":2},"end":{"line":14,"column":4}},"line":5}},"branchMap":{"0":{"loc":{"start":{"line":7,"column":16},"end":{"line":7,"column":66}},"type":"cond-expr","locations":[{"start":{"line":7,"column":29},"end":{"line":7,"column":46}},{"start":{"line":7,"column":49},"end":{"line":7,"column":66}}],"line":7},"1":{"loc":{"start":{"line":11,"column":13},"end":{"line":11,"column":97}},"type":"cond-expr","locations":[{"start":{"line":11,"column":26},"end":{"line":11,"column":61}},{"start":{"line":11,"column":64},"end":{"line":11,"column":97}}],"line":11},"2":{"loc":{"start":{"line":12,"column":20},"end":{"line":12,"column":52}},"type":"cond-expr","locations":[{"start":{"line":12,"column":33},"end":{"line":12,"column":41}},{"start":{"line":12,"column":44},"end":{"line":12,"column":52}}],"line":12}},"s":{"0":3,"1":6},"f":{"0":6},"b":{"0":[4,2],"1":[4,2],"2":[4,2]},"_coverageSchema":"1a1c01bbd47fc00a2c39e90264f33305004495a9","hash":"5177e90d1cdc90945ada3cd9c2190d7056e8164a"}
,"/Users/andrewsabato/Desktop/Personal/Projects/CreateThisRNTemplate/src/models/book/Book.ts": {"path":"/Users/andrewsabato/Desktop/Personal/Projects/CreateThisRNTemplate/src/models/book/Book.ts","statementMap":{},"fnMap":{},"branchMap":{},"s":{},"f":{},"b":{}}
,"/Users/andrewsabato/Desktop/Personal/Projects/CreateThisRNTemplate/src/navigation/Navigation.tsx": {"path":"/Users/andrewsabato/Desktop/Personal/Projects/CreateThisRNTemplate/src/navigation/Navigation.tsx","statementMap":{"0":{"start":{"line":6,"column":18},"end":{"line":6,"column":66}},"1":{"start":{"line":7,"column":18},"end":{"line":7,"column":66}},"2":{"start":{"line":8,"column":27},"end":{"line":12,"column":1}},"3":{"start":{"line":9,"column":2},"end":{"line":11,"column":24}},"4":{"start":{"line":13,"column":27},"end":{"line":19,"column":1}},"5":{"start":{"line":14,"column":2},"end":{"line":18,"column":4}}},"fnMap":{"0":{"name":"(anonymous_0)","decl":{"start":{"line":8,"column":27},"end":{"line":8,"column":28}},"loc":{"start":{"line":9,"column":2},"end":{"line":11,"column":24}},"line":9},"1":{"name":"(anonymous_1)","decl":{"start":{"line":13,"column":27},"end":{"line":13,"column":28}},"loc":{"start":{"line":13,"column":33},"end":{"line":19,"column":1}},"line":13}},"branchMap":{},"s":{"0":0,"1":0,"2":0,"3":0,"4":0,"5":0},"f":{"0":0,"1":0},"b":{}}
,"/Users/andrewsabato/Desktop/Personal/Projects/CreateThisRNTemplate/src/navigation/NavigationConstants.ts": {"path":"/Users/andrewsabato/Desktop/Personal/Projects/CreateThisRNTemplate/src/navigation/NavigationConstants.ts","statementMap":{},"fnMap":{},"branchMap":{},"s":{},"f":{},"b":{}}
,"/Users/andrewsabato/Desktop/Personal/Projects/CreateThisRNTemplate/src/navigation/NavigationUtils.ts": {"path":"/Users/andrewsabato/Desktop/Personal/Projects/CreateThisRNTemplate/src/navigation/NavigationUtils.ts","statementMap":{"0":{"start":{"line":4,"column":34},"end":{"line":14,"column":1}},"1":{"start":{"line":5,"column":2},"end":{"line":7,"column":3}},"2":{"start":{"line":6,"column":4},"end":{"line":6,"column":14}},"3":{"start":{"line":8,"column":16},"end":{"line":8,"column":41}},"4":{"start":{"line":9,"column":2},"end":{"line":11,"column":3}},"5":{"start":{"line":10,"column":4},"end":{"line":10,"column":22}},"6":{"start":{"line":13,"column":2},"end":{"line":13,"column":74}}},"fnMap":{"0":{"name":"(anonymous_0)","decl":{"start":{"line":4,"column":34},"end":{"line":4,"column":35}},"loc":{"start":{"line":4,"column":82},"end":{"line":14,"column":1}},"line":4}},"branchMap":{"0":{"loc":{"start":{"line":5,"column":2},"end":{"line":7,"column":3}},"type":"if","locations":[{"start":{"line":5,"column":2},"end":{"line":7,"column":3}},{"start":{},"end":{}}],"line":5},"1":{"loc":{"start":{"line":9,"column":2},"end":{"line":11,"column":3}},"type":"if","locations":[{"start":{"line":9,"column":2},"end":{"line":11,"column":3}},{"start":{},"end":{}}],"line":9},"2":{"loc":{"start":{"line":13,"column":9},"end":{"line":13,"column":73}},"type":"binary-expr","locations":[{"start":{"line":13,"column":9},"end":{"line":13,"column":59}},{"start":{"line":13,"column":63},"end":{"line":13,"column":73}}],"line":13}},"s":{"0":0,"1":0,"2":0,"3":0,"4":0,"5":0,"6":0},"f":{"0":0},"b":{"0":[0,0],"1":[0,0],"2":[0,0]}}
,"/Users/andrewsabato/Desktop/Personal/Projects/CreateThisRNTemplate/src/redux/store.ts": {"path":"/Users/andrewsabato/Desktop/Personal/Projects/CreateThisRNTemplate/src/redux/store.ts","statementMap":{"0":{"start":{"line":11,"column":22},"end":{"line":16,"column":36}},"1":{"start":{"line":18,"column":23},"end":{"line":18,"column":45}},"2":{"start":{"line":19,"column":25},"end":{"line":19,"column":67}},"3":{"start":{"line":20,"column":28},"end":{"line":20,"column":56}},"4":{"start":{"line":22,"column":23},"end":{"line":22,"column":30}},"5":{"start":{"line":24,"column":0},"end":{"line":26,"column":1}},"6":{"start":{"line":25,"column":2},"end":{"line":25,"column":96}},"7":{"start":{"line":28,"column":39},"end":{"line":31,"column":1}},"8":{"start":{"line":32,"column":0},"end":{"line":32,"column":29}},"9":{"start":{"line":34,"column":25},"end":{"line":34,"column":44}}},"fnMap":{},"branchMap":{"0":{"loc":{"start":{"line":24,"column":0},"end":{"line":26,"column":1}},"type":"if","locations":[{"start":{"line":24,"column":0},"end":{"line":26,"column":1}},{"start":{},"end":{}}],"line":24},"1":{"loc":{"start":{"line":25,"column":21},"end":{"line":25,"column":95}},"type":"binary-expr","locations":[{"start":{"line":25,"column":22},"end":{"line":25,"column":83}},{"start":{"line":25,"column":88},"end":{"line":25,"column":95}}],"line":25}},"s":{"0":0,"1":0,"2":0,"3":0,"4":0,"5":0,"6":0,"7":0,"8":0,"9":0},"f":{},"b":{"0":[0,0],"1":[0,0]}}
,"/Users/andrewsabato/Desktop/Personal/Projects/CreateThisRNTemplate/src/redux/actions/BookActions.ts": {"path":"/Users/andrewsabato/Desktop/Personal/Projects/CreateThisRNTemplate/src/redux/actions/BookActions.ts","statementMap":{"0":{"start":{"line":15,"column":4},"end":{"line":15,"column":60}},"1":{"start":{"line":18,"column":4},"end":{"line":18,"column":60}},"2":{"start":{"line":21,"column":4},"end":{"line":21,"column":58}}},"fnMap":{"0":{"name":"(anonymous_0)","decl":{"start":{"line":14,"column":2},"end":{"line":14,"column":3}},"loc":{"start":{"line":14,"column":50},"end":{"line":16,"column":3}},"line":14},"1":{"name":"(anonymous_1)","decl":{"start":{"line":17,"column":2},"end":{"line":17,"column":3}},"loc":{"start":{"line":17,"column":51},"end":{"line":19,"column":3}},"line":17},"2":{"name":"(anonymous_2)","decl":{"start":{"line":20,"column":2},"end":{"line":20,"column":3}},"loc":{"start":{"line":20,"column":42},"end":{"line":22,"column":3}},"line":20}},"branchMap":{},"s":{"0":0,"1":0,"2":0},"f":{"0":0,"1":0,"2":0},"b":{}}
,"/Users/andrewsabato/Desktop/Personal/Projects/CreateThisRNTemplate/src/redux/reducers/BookReducer.ts": {"path":"/Users/andrewsabato/Desktop/Personal/Projects/CreateThisRNTemplate/src/redux/reducers/BookReducer.ts","statementMap":{"0":{"start":{"line":6,"column":59},"end":{"line":21,"column":1}},"1":{"start":{"line":10,"column":2},"end":{"line":20,"column":3}},"2":{"start":{"line":12,"column":6},"end":{"line":17,"column":8}},"3":{"start":{"line":19,"column":6},"end":{"line":19,"column":19}}},"fnMap":{"0":{"name":"(anonymous_0)","decl":{"start":{"line":6,"column":59},"end":{"line":6,"column":60}},"loc":{"start":{"line":9,"column":5},"end":{"line":21,"column":1}},"line":9}},"branchMap":{"0":{"loc":{"start":{"line":7,"column":2},"end":{"line":7,"column":26}},"type":"default-arg","locations":[{"start":{"line":7,"column":10},"end":{"line":7,"column":26}}],"line":7},"1":{"loc":{"start":{"line":10,"column":2},"end":{"line":20,"column":3}},"type":"switch","locations":[{"start":{"line":11,"column":4},"end":{"line":17,"column":8}},{"start":{"line":18,"column":4},"end":{"line":19,"column":19}}],"line":10}},"s":{"0":0,"1":0,"2":0,"3":0},"f":{"0":0},"b":{"0":[0],"1":[0,0]}}
,"/Users/andrewsabato/Desktop/Personal/Projects/CreateThisRNTemplate/src/redux/reducers/ErrorReducer.ts": {"path":"/Users/andrewsabato/Desktop/Personal/Projects/CreateThisRNTemplate/src/redux/reducers/ErrorReducer.ts","statementMap":{"0":{"start":{"line":4,"column":60},"end":{"line":21,"column":1}},"1":{"start":{"line":8,"column":18},"end":{"line":8,"column":51}},"2":{"start":{"line":11,"column":2},"end":{"line":11,"column":29}},"3":{"start":{"line":11,"column":16},"end":{"line":11,"column":29}},"4":{"start":{"line":13,"column":40},"end":{"line":13,"column":47}},"5":{"start":{"line":14,"column":2},"end":{"line":20,"column":4}}},"fnMap":{"0":{"name":"(anonymous_0)","decl":{"start":{"line":4,"column":60},"end":{"line":4,"column":61}},"loc":{"start":{"line":7,"column":5},"end":{"line":21,"column":1}},"line":7}},"branchMap":{"0":{"loc":{"start":{"line":5,"column":2},"end":{"line":5,"column":27}},"type":"default-arg","locations":[{"start":{"line":5,"column":10},"end":{"line":5,"column":27}}],"line":5},"1":{"loc":{"start":{"line":11,"column":2},"end":{"line":11,"column":29}},"type":"if","locations":[{"start":{"line":11,"column":2},"end":{"line":11,"column":29}},{"start":{},"end":{}}],"line":11},"2":{"loc":{"start":{"line":19,"column":19},"end":{"line":19,"column":73}},"type":"cond-expr","locations":[{"start":{"line":19,"column":47},"end":{"line":19,"column":60}},{"start":{"line":19,"column":64},"end":{"line":19,"column":73}}],"line":19}},"s":{"0":0,"1":0,"2":0,"3":0,"4":0,"5":0},"f":{"0":0},"b":{"0":[0],"1":[0,0],"2":[0,0]}}
,"/Users/andrewsabato/Desktop/Personal/Projects/CreateThisRNTemplate/src/redux/reducers/LoadingReducer.ts": {"path":"/Users/andrewsabato/Desktop/Personal/Projects/CreateThisRNTemplate/src/redux/reducers/LoadingReducer.ts","statementMap":{"0":{"start":{"line":4,"column":64},"end":{"line":21,"column":1}},"1":{"start":{"line":8,"column":18},"end":{"line":8,"column":59}},"2":{"start":{"line":11,"column":2},"end":{"line":11,"column":29}},"3":{"start":{"line":11,"column":16},"end":{"line":11,"column":29}},"4":{"start":{"line":13,"column":40},"end":{"line":13,"column":47}},"5":{"start":{"line":14,"column":2},"end":{"line":20,"column":4}}},"fnMap":{"0":{"name":"(anonymous_0)","decl":{"start":{"line":4,"column":64},"end":{"line":4,"column":65}},"loc":{"start":{"line":7,"column":5},"end":{"line":21,"column":1}},"line":7}},"branchMap":{"0":{"loc":{"start":{"line":5,"column":2},"end":{"line":5,"column":29}},"type":"default-arg","locations":[{"start":{"line":5,"column":10},"end":{"line":5,"column":29}}],"line":5},"1":{"loc":{"start":{"line":11,"column":2},"end":{"line":11,"column":29}},"type":"if","locations":[{"start":{"line":11,"column":2},"end":{"line":11,"column":29}},{"start":{},"end":{}}],"line":11}},"s":{"0":0,"1":0,"2":0,"3":0,"4":0,"5":0},"f":{"0":0},"b":{"0":[0],"1":[0,0]}}
,"/Users/andrewsabato/Desktop/Personal/Projects/CreateThisRNTemplate/src/redux/reducers/RootReducer.ts": {"path":"/Users/andrewsabato/Desktop/Personal/Projects/CreateThisRNTemplate/src/redux/reducers/RootReducer.ts","statementMap":{"0":{"start":{"line":7,"column":20},"end":{"line":11,"column":2}},"1":{"start":{"line":15,"column":2},"end":{"line":17,"column":3}},"2":{"start":{"line":16,"column":4},"end":{"line":16,"column":45}},"3":{"start":{"line":18,"column":2},"end":{"line":18,"column":36}}},"fnMap":{"0":{"name":"(anonymous_0)","decl":{"start":{"line":13,"column":15},"end":{"line":13,"column":16}},"loc":{"start":{"line":13,"column":75},"end":{"line":19,"column":1}},"line":13}},"branchMap":{"0":{"loc":{"start":{"line":15,"column":2},"end":{"line":17,"column":3}},"type":"if","locations":[{"start":{"line":15,"column":2},"end":{"line":17,"column":3}},{"start":{},"end":{}}],"line":15}},"s":{"0":0,"1":0,"2":0,"3":0},"f":{"0":0},"b":{"0":[0,0]}}
,"/Users/andrewsabato/Desktop/Personal/Projects/CreateThisRNTemplate/src/redux/sagas/BookSaga.ts": {"path":"/Users/andrewsabato/Desktop/Personal/Projects/CreateThisRNTemplate/src/redux/sagas/BookSaga.ts","statementMap":{"0":{"start":{"line":8,"column":2},"end":{"line":18,"column":3}},"1":{"start":{"line":9,"column":35},"end":{"line":9,"column":77}},"2":{"start":{"line":10,"column":4},"end":{"line":10,"column":52}},"3":{"start":{"line":12,"column":4},"end":{"line":16,"column":7}},"4":{"start":{"line":17,"column":4},"end":{"line":17,"column":56}},"5":{"start":{"line":21,"column":20},"end":{"line":28,"column":1}},"6":{"start":{"line":23,"column":4},"end":{"line":26,"column":6}}},"fnMap":{"0":{"name":"getBookRequest","decl":{"start":{"line":7,"column":17},"end":{"line":7,"column":31}},"loc":{"start":{"line":7,"column":60},"end":{"line":19,"column":1}},"line":7},"1":{"name":"(anonymous_1)","decl":{"start":{"line":22,"column":46},"end":{"line":22,"column":47}},"loc":{"start":{"line":23,"column":4},"end":{"line":26,"column":6}},"line":23}},"branchMap":{},"s":{"0":0,"1":0,"2":0,"3":0,"4":0,"5":0,"6":0},"f":{"0":0,"1":0},"b":{}}
,"/Users/andrewsabato/Desktop/Personal/Projects/CreateThisRNTemplate/src/redux/sagas/index.ts": {"path":"/Users/andrewsabato/Desktop/Personal/Projects/CreateThisRNTemplate/src/redux/sagas/index.ts","statementMap":{"0":{"start":{"line":5,"column":2},"end":{"line":5,"column":27}}},"fnMap":{"0":{"name":"rootSaga","decl":{"start":{"line":4,"column":25},"end":{"line":4,"column":33}},"loc":{"start":{"line":4,"column":36},"end":{"line":6,"column":1}},"line":4}},"branchMap":{},"s":{"0":0},"f":{"0":0},"b":{}}
,"/Users/andrewsabato/Desktop/Personal/Projects/CreateThisRNTemplate/src/redux/selectors/ErrorSelector.ts": {"path":"/Users/andrewsabato/Desktop/Personal/Projects/CreateThisRNTemplate/src/redux/selectors/ErrorSelector.ts","statementMap":{"0":{"start":{"line":10,"column":36},"end":{"line":20,"column":1}},"1":{"start":{"line":10,"column":59},"end":{"line":20,"column":1}},"2":{"start":{"line":14,"column":2},"end":{"line":19,"column":4}},"3":{"start":{"line":16,"column":23},"end":{"line":16,"column":59}}},"fnMap":{"0":{"name":"(anonymous_0)","decl":{"start":{"line":10,"column":36},"end":{"line":10,"column":37}},"loc":{"start":{"line":10,"column":59},"end":{"line":20,"column":1}},"line":10},"1":{"name":"(anonymous_1)","decl":{"start":{"line":10,"column":59},"end":{"line":10,"column":60}},"loc":{"start":{"line":10,"column":88},"end":{"line":20,"column":1}},"line":10},"2":{"name":"(anonymous_2)","decl":{"start":{"line":16,"column":11},"end":{"line":16,"column":12}},"loc":{"start":{"line":16,"column":23},"end":{"line":16,"column":59}},"line":16}},"branchMap":{"0":{"loc":{"start":{"line":15,"column":4},"end":{"line":18,"column":20}},"type":"binary-expr","locations":[{"start":{"line":15,"column":4},"end":{"line":18,"column":14}},{"start":{"line":18,"column":18},"end":{"line":18,"column":20}}],"line":15}},"s":{"0":0,"1":0,"2":0,"3":0},"f":{"0":0,"1":0,"2":0},"b":{"0":[0,0]}}
,"/Users/andrewsabato/Desktop/Personal/Projects/CreateThisRNTemplate/src/redux/selectors/LoadingSelector.ts": {"path":"/Users/andrewsabato/Desktop/Personal/Projects/CreateThisRNTemplate/src/redux/selectors/LoadingSelector.ts","statementMap":{"0":{"start":{"line":10,"column":31},"end":{"line":13,"column":1}},"1":{"start":{"line":10,"column":54},"end":{"line":13,"column":1}},"2":{"start":{"line":12,"column":2},"end":{"line":12,"column":77}},"3":{"start":{"line":12,"column":37},"end":{"line":12,"column":75}}},"fnMap":{"0":{"name":"(anonymous_0)","decl":{"start":{"line":10,"column":31},"end":{"line":10,"column":32}},"loc":{"start":{"line":10,"column":54},"end":{"line":13,"column":1}},"line":10},"1":{"name":"(anonymous_1)","decl":{"start":{"line":10,"column":54},"end":{"line":10,"column":55}},"loc":{"start":{"line":10,"column":83},"end":{"line":13,"column":1}},"line":10},"2":{"name":"(anonymous_2)","decl":{"start":{"line":12,"column":25},"end":{"line":12,"column":26}},"loc":{"start":{"line":12,"column":37},"end":{"line":12,"column":75}},"line":12}},"branchMap":{},"s":{"0":0,"1":0,"2":0,"3":0},"f":{"0":0,"1":0,"2":0},"b":{}}
,"/Users/andrewsabato/Desktop/Personal/Projects/CreateThisRNTemplate/src/redux/state/ApplicationState.ts": {"path":"/Users/andrewsabato/Desktop/Personal/Projects/CreateThisRNTemplate/src/redux/state/ApplicationState.ts","statementMap":{"0":{"start":{"line":11,"column":46},"end":{"line":15,"column":1}}},"fnMap":{},"branchMap":{},"s":{"0":0},"f":{},"b":{}}
,"/Users/andrewsabato/Desktop/Personal/Projects/CreateThisRNTemplate/src/redux/state/BookState.ts": {"path":"/Users/andrewsabato/Desktop/Personal/Projects/CreateThisRNTemplate/src/redux/state/BookState.ts","statementMap":{"0":{"start":{"line":7,"column":43},"end":{"line":9,"column":1}}},"fnMap":{},"branchMap":{},"s":{"0":0},"f":{},"b":{}}
,"/Users/andrewsabato/Desktop/Personal/Projects/CreateThisRNTemplate/src/redux/state/ErrorState.ts": {"path":"/Users/andrewsabato/Desktop/Personal/Projects/CreateThisRNTemplate/src/redux/state/ErrorState.ts","statementMap":{"0":{"start":{"line":5,"column":45},"end":{"line":5,"column":47}}},"fnMap":{},"branchMap":{},"s":{"0":0},"f":{},"b":{}}
,"/Users/andrewsabato/Desktop/Personal/Projects/CreateThisRNTemplate/src/redux/state/LoadingState.ts": {"path":"/Users/andrewsabato/Desktop/Personal/Projects/CreateThisRNTemplate/src/redux/state/LoadingState.ts","statementMap":{"0":{"start":{"line":5,"column":49},"end":{"line":5,"column":51}}},"fnMap":{},"branchMap":{},"s":{"0":0},"f":{},"b":{}}
,"/Users/andrewsabato/Desktop/Personal/Projects/CreateThisRNTemplate/src/screens/home/Home.tsx": {"path":"/Users/andrewsabato/Desktop/Personal/Projects/CreateThisRNTemplate/src/screens/home/Home.tsx","statementMap":{"0":{"start":{"line":7,"column":28},"end":{"line":13,"column":1}},"1":{"start":{"line":8,"column":2},"end":{"line":12,"column":4}}},"fnMap":{"0":{"name":"(anonymous_0)","decl":{"start":{"line":7,"column":28},"end":{"line":7,"column":29}},"loc":{"start":{"line":7,"column":55},"end":{"line":13,"column":1}},"line":7}},"branchMap":{},"s":{"0":1,"1":1},"f":{"0":1},"b":{},"_coverageSchema":"1a1c01bbd47fc00a2c39e90264f33305004495a9","hash":"06f5455d5d9fbdf45a07d7267ecffdb0082b0190"}
}
